<?xml version="1.0" encoding="UTF-8"?>
<testng-results ignored="0" total="1" passed="1" failed="0" skipped="0">
  <reporter-output>
  </reporter-output>
  <suite started-at="2022-10-23T15:12:32Z" name="Suite" finished-at="2022-10-23T15:13:48Z" duration-ms="75993">
    <groups>
    </groups>
    <test started-at="2022-10-23T15:12:32Z" name="PushpaValidationTest" finished-at="2022-10-23T15:13:48Z" duration-ms="75993">
      <class name="tests.PushpaValidation">
        <test-method is-config="true" signature="launchApplication()[pri:0, instance:tests.PushpaValidation@6bca7e0d]" started-at="2022-10-23T15:12:32Z" name="launchApplication" finished-at="2022-10-23T15:12:42Z" duration-ms="9816" status="PASS">
          <reporter-output>
          </reporter-output>
        </test-method> <!-- launchApplication -->
        <test-method signature="ValidityTest()[pri:0, instance:tests.PushpaValidation@6bca7e0d]" started-at="2022-10-23T15:12:42Z" name="ValidityTest" finished-at="2022-10-23T15:13:47Z" duration-ms="65123" status="PASS">
          <reporter-output>
          </reporter-output>
        </test-method> <!-- ValidityTest -->
        <test-method is-config="true" signature="tearDown()[pri:0, instance:tests.PushpaValidation@6bca7e0d]" started-at="2022-10-23T15:13:47Z" name="tearDown" finished-at="2022-10-23T15:13:48Z" duration-ms="946" status="PASS">
          <reporter-output>
          </reporter-output>
        </test-method> <!-- tearDown -->
      </class> <!-- tests.PushpaValidation -->
    </test> <!-- PushpaValidationTest -->
  </suite> <!-- Suite -->
</testng-results>
